  MyImage.cpp
f:\3학년\1학기_카페에 백업 안되는 것들\네트워크\기말고사_백업\gdiplusimagea\myimage.cpp(36): warning C4244: '=': 'float'에서 'int'(으)로 변환하면서 데이터가 손실될 수 있습니다.
f:\3학년\1학기_카페에 백업 안되는 것들\네트워크\기말고사_백업\gdiplusimagea\myimage.cpp(37): warning C4244: '=': 'float'에서 'int'(으)로 변환하면서 데이터가 손실될 수 있습니다.
  main.cpp
f:\3학년\1학기_카페에 백업 안되는 것들\네트워크\기말고사_백업\gdiplusimagea\mydraw.h(160): warning C4996: 'itoa': The POSIX name for this item is deprecated. Instead, use the ISO C and C++ conformant name: _itoa. See online help for details.
  c:\program files (x86)\windows kits\10\include\10.0.10240.0\ucrt\stdlib.h(1316): note: 'itoa' 선언을 참조하십시오.
f:\3학년\1학기_카페에 백업 안되는 것들\네트워크\기말고사_백업\gdiplusimagea\mydraw.h(344): warning C4244: '인수': 'time_t'에서 'unsigned int'(으)로 변환하면서 데이터가 손실될 수 있습니다.
f:\3학년\1학기_카페에 백업 안되는 것들\네트워크\기말고사_백업\gdiplusimagea\main.cpp(232): warning C4996: 'strcpy': This function or variable may be unsafe. Consider using strcpy_s instead. To disable deprecation, use _CRT_SECURE_NO_WARNINGS. See online help for details.
  c:\program files (x86)\windows kits\10\include\10.0.10240.0\ucrt\string.h(119): note: 'strcpy' 선언을 참조하십시오.
f:\3학년\1학기_카페에 백업 안되는 것들\네트워크\기말고사_백업\gdiplusimagea\main.cpp(233): warning C4996: 'strcpy': This function or variable may be unsafe. Consider using strcpy_s instead. To disable deprecation, use _CRT_SECURE_NO_WARNINGS. See online help for details.
  c:\program files (x86)\windows kits\10\include\10.0.10240.0\ucrt\string.h(119): note: 'strcpy' 선언을 참조하십시오.
f:\3학년\1학기_카페에 백업 안되는 것들\네트워크\기말고사_백업\gdiplusimagea\main.cpp(259): warning C4996: 'sprintf': This function or variable may be unsafe. Consider using sprintf_s instead. To disable deprecation, use _CRT_SECURE_NO_WARNINGS. See online help for details.
  c:\program files (x86)\windows kits\10\include\10.0.10240.0\ucrt\stdio.h(1769): note: 'sprintf' 선언을 참조하십시오.
f:\3학년\1학기_카페에 백업 안되는 것들\네트워크\기말고사_백업\gdiplusimagea\main.cpp(211): warning C4101: 'hdc' :참조되지 않은 지역 변수입니다.
f:\3학년\1학기_카페에 백업 안되는 것들\네트워크\기말고사_백업\gdiplusimagea\main.cpp(212): warning C4101: 'ps' :참조되지 않은 지역 변수입니다.
f:\3학년\1학기_카페에 백업 안되는 것들\네트워크\기말고사_백업\gdiplusimagea\main.cpp(211): warning C4101: 'MemDC' :참조되지 않은 지역 변수입니다.
f:\3학년\1학기_카페에 백업 안되는 것들\네트워크\기말고사_백업\gdiplusimagea\main.cpp(413): warning C4996: 'inet_addr': Use inet_pton() or InetPton() instead or define _WINSOCK_DEPRECATED_NO_WARNINGS to disable deprecated API warnings
  c:\program files (x86)\windows kits\8.1\include\um\winsock2.h(1850): note: 'inet_addr' 선언을 참조하십시오.
f:\3학년\1학기_카페에 백업 안되는 것들\네트워크\기말고사_백업\gdiplusimagea\main.cpp(423): warning C4996: 'WSAAsyncSelect': Use WSAEventSelect() instead or define _WINSOCK_DEPRECATED_NO_WARNINGS to disable deprecated API warnings
  c:\program files (x86)\windows kits\8.1\include\um\winsock2.h(2699): note: 'WSAAsyncSelect' 선언을 참조하십시오.
f:\3학년\1학기_카페에 백업 안되는 것들\네트워크\기말고사_백업\gdiplusimagea\main.cpp(434): warning C4996: 'inet_addr': Use inet_pton() or InetPton() instead or define _WINSOCK_DEPRECATED_NO_WARNINGS to disable deprecated API warnings
  c:\program files (x86)\windows kits\8.1\include\um\winsock2.h(1850): note: 'inet_addr' 선언을 참조하십시오.
f:\3학년\1학기_카페에 백업 안되는 것들\네트워크\기말고사_백업\gdiplusimagea\main.cpp(648): warning C4996: 'strcpy': This function or variable may be unsafe. Consider using strcpy_s instead. To disable deprecation, use _CRT_SECURE_NO_WARNINGS. See online help for details.
  c:\program files (x86)\windows kits\10\include\10.0.10240.0\ucrt\string.h(119): note: 'strcpy' 선언을 참조하십시오.
f:\3학년\1학기_카페에 백업 안되는 것들\네트워크\기말고사_백업\gdiplusimagea\main.cpp(650): warning C4996: 'itoa': The POSIX name for this item is deprecated. Instead, use the ISO C and C++ conformant name: _itoa. See online help for details.
  c:\program files (x86)\windows kits\10\include\10.0.10240.0\ucrt\stdlib.h(1316): note: 'itoa' 선언을 참조하십시오.
f:\3학년\1학기_카페에 백업 안되는 것들\네트워크\기말고사_백업\gdiplusimagea\main.cpp(651): warning C4996: 'itoa': The POSIX name for this item is deprecated. Instead, use the ISO C and C++ conformant name: _itoa. See online help for details.
  c:\program files (x86)\windows kits\10\include\10.0.10240.0\ucrt\stdlib.h(1316): note: 'itoa' 선언을 참조하십시오.
f:\3학년\1학기_카페에 백업 안되는 것들\네트워크\기말고사_백업\gdiplusimagea\main.cpp(655): warning C4996: 'strcpy': This function or variable may be unsafe. Consider using strcpy_s instead. To disable deprecation, use _CRT_SECURE_NO_WARNINGS. See online help for details.
  c:\program files (x86)\windows kits\10\include\10.0.10240.0\ucrt\string.h(119): note: 'strcpy' 선언을 참조하십시오.
f:\3학년\1학기_카페에 백업 안되는 것들\네트워크\기말고사_백업\gdiplusimagea\main.cpp(766): warning C4996: 'strcpy': This function or variable may be unsafe. Consider using strcpy_s instead. To disable deprecation, use _CRT_SECURE_NO_WARNINGS. See online help for details.
  c:\program files (x86)\windows kits\10\include\10.0.10240.0\ucrt\string.h(119): note: 'strcpy' 선언을 참조하십시오.
  ImageManager.cpp
  GameIntro.cpp
  Game4.cpp
  Game3_Item.cpp
  Game3.cpp
f:\3학년\1학기_카페에 백업 안되는 것들\네트워크\기말고사_백업\gdiplusimagea\game3.cpp(23): warning C4305: '-=': 'double'에서 'float'(으)로 잘립니다.
f:\3학년\1학기_카페에 백업 안되는 것들\네트워크\기말고사_백업\gdiplusimagea\game3.cpp(27): warning C4305: '-=': 'double'에서 'float'(으)로 잘립니다.
f:\3학년\1학기_카페에 백업 안되는 것들\네트워크\기말고사_백업\gdiplusimagea\game3.cpp(31): warning C4305: '-=': 'double'에서 'float'(으)로 잘립니다.
f:\3학년\1학기_카페에 백업 안되는 것들\네트워크\기말고사_백업\gdiplusimagea\game3.cpp(35): warning C4305: '-=': 'double'에서 'float'(으)로 잘립니다.
f:\3학년\1학기_카페에 백업 안되는 것들\네트워크\기말고사_백업\gdiplusimagea\game3.cpp(39): warning C4305: '-=': 'double'에서 'float'(으)로 잘립니다.
f:\3학년\1학기_카페에 백업 안되는 것들\네트워크\기말고사_백업\gdiplusimagea\game3.cpp(43): warning C4305: '-=': 'double'에서 'float'(으)로 잘립니다.
f:\3학년\1학기_카페에 백업 안되는 것들\네트워크\기말고사_백업\gdiplusimagea\game3.cpp(47): warning C4305: '-=': 'double'에서 'float'(으)로 잘립니다.
f:\3학년\1학기_카페에 백업 안되는 것들\네트워크\기말고사_백업\gdiplusimagea\game3.cpp(51): warning C4305: '-=': 'double'에서 'float'(으)로 잘립니다.
f:\3학년\1학기_카페에 백업 안되는 것들\네트워크\기말고사_백업\gdiplusimagea\game3.cpp(55): warning C4305: '-=': 'double'에서 'float'(으)로 잘립니다.
f:\3학년\1학기_카페에 백업 안되는 것들\네트워크\기말고사_백업\gdiplusimagea\game3.cpp(133): warning C4244: '인수': 'float'에서 'int'(으)로 변환하면서 데이터가 손실될 수 있습니다.
f:\3학년\1학기_카페에 백업 안되는 것들\네트워크\기말고사_백업\gdiplusimagea\game3.cpp(134): warning C4244: '인수': 'float'에서 'int'(으)로 변환하면서 데이터가 손실될 수 있습니다.
  Game2.cpp
  Game1.cpp
f:\3학년\1학기_카페에 백업 안되는 것들\네트워크\기말고사_백업\gdiplusimagea\game1.cpp(66): warning C4996: 'strcpy': This function or variable may be unsafe. Consider using strcpy_s instead. To disable deprecation, use _CRT_SECURE_NO_WARNINGS. See online help for details.
  c:\program files (x86)\windows kits\10\include\10.0.10240.0\ucrt\string.h(119): note: 'strcpy' 선언을 참조하십시오.
f:\3학년\1학기_카페에 백업 안되는 것들\네트워크\기말고사_백업\gdiplusimagea\game1.cpp(72): warning C4996: 'strcpy': This function or variable may be unsafe. Consider using strcpy_s instead. To disable deprecation, use _CRT_SECURE_NO_WARNINGS. See online help for details.
  c:\program files (x86)\windows kits\10\include\10.0.10240.0\ucrt\string.h(119): note: 'strcpy' 선언을 참조하십시오.
f:\3학년\1학기_카페에 백업 안되는 것들\네트워크\기말고사_백업\gdiplusimagea\game1.cpp(77): warning C4996: 'strcpy': This function or variable may be unsafe. Consider using strcpy_s instead. To disable deprecation, use _CRT_SECURE_NO_WARNINGS. See online help for details.
  c:\program files (x86)\windows kits\10\include\10.0.10240.0\ucrt\string.h(119): note: 'strcpy' 선언을 참조하십시오.
f:\3학년\1학기_카페에 백업 안되는 것들\네트워크\기말고사_백업\gdiplusimagea\game1.cpp(82): warning C4996: 'strcpy': This function or variable may be unsafe. Consider using strcpy_s instead. To disable deprecation, use _CRT_SECURE_NO_WARNINGS. See online help for details.
  c:\program files (x86)\windows kits\10\include\10.0.10240.0\ucrt\string.h(119): note: 'strcpy' 선언을 참조하십시오.
f:\3학년\1학기_카페에 백업 안되는 것들\네트워크\기말고사_백업\gdiplusimagea\game1.cpp(88): warning C4996: 'strcpy': This function or variable may be unsafe. Consider using strcpy_s instead. To disable deprecation, use _CRT_SECURE_NO_WARNINGS. See online help for details.
  c:\program files (x86)\windows kits\10\include\10.0.10240.0\ucrt\string.h(119): note: 'strcpy' 선언을 참조하십시오.
f:\3학년\1학기_카페에 백업 안되는 것들\네트워크\기말고사_백업\gdiplusimagea\game1.cpp(94): warning C4996: 'strcpy': This function or variable may be unsafe. Consider using strcpy_s instead. To disable deprecation, use _CRT_SECURE_NO_WARNINGS. See online help for details.
  c:\program files (x86)\windows kits\10\include\10.0.10240.0\ucrt\string.h(119): note: 'strcpy' 선언을 참조하십시오.
f:\3학년\1학기_카페에 백업 안되는 것들\네트워크\기말고사_백업\gdiplusimagea\game1.cpp(100): warning C4996: 'strcpy': This function or variable may be unsafe. Consider using strcpy_s instead. To disable deprecation, use _CRT_SECURE_NO_WARNINGS. See online help for details.
  c:\program files (x86)\windows kits\10\include\10.0.10240.0\ucrt\string.h(119): note: 'strcpy' 선언을 참조하십시오.
f:\3학년\1학기_카페에 백업 안되는 것들\네트워크\기말고사_백업\gdiplusimagea\game1.cpp(107): warning C4996: 'strcpy': This function or variable may be unsafe. Consider using strcpy_s instead. To disable deprecation, use _CRT_SECURE_NO_WARNINGS. See online help for details.
  c:\program files (x86)\windows kits\10\include\10.0.10240.0\ucrt\string.h(119): note: 'strcpy' 선언을 참조하십시오.
f:\3학년\1학기_카페에 백업 안되는 것들\네트워크\기말고사_백업\gdiplusimagea\game1.cpp(112): warning C4996: 'strcpy': This function or variable may be unsafe. Consider using strcpy_s instead. To disable deprecation, use _CRT_SECURE_NO_WARNINGS. See online help for details.
  c:\program files (x86)\windows kits\10\include\10.0.10240.0\ucrt\string.h(119): note: 'strcpy' 선언을 참조하십시오.
f:\3학년\1학기_카페에 백업 안되는 것들\네트워크\기말고사_백업\gdiplusimagea\game1.cpp(117): warning C4996: 'strcpy': This function or variable may be unsafe. Consider using strcpy_s instead. To disable deprecation, use _CRT_SECURE_NO_WARNINGS. See online help for details.
  c:\program files (x86)\windows kits\10\include\10.0.10240.0\ucrt\string.h(119): note: 'strcpy' 선언을 참조하십시오.
  dsSpriteManager.cpp
  dsSprite.cpp
  dsSound.cpp
f:\3학년\1학기_카페에 백업 안되는 것들\네트워크\기말고사_백업\gdiplusimagea\dssound.cpp(54): warning C4101: 'format' :참조되지 않은 지역 변수입니다.
f:\3학년\1학기_카페에 백업 안되는 것들\네트워크\기말고사_백업\gdiplusimagea\dssound.cpp(56): warning C4101: 'freq' :참조되지 않은 지역 변수입니다.
f:\3학년\1학기_카페에 백업 안되는 것들\네트워크\기말고사_백업\gdiplusimagea\dssound.cpp(55): warning C4101: 'size' :참조되지 않은 지역 변수입니다.
  dsResource.cpp
  dsOpenALSoundManager.cpp
  dsObject.cpp
  dsManager.cpp
  CWaves.cpp
  CirQueue.cpp
  코드를 생성하고 있습니다...
f:\3학년\1학기_카페에 백업 안되는 것들\네트워크\기말고사_백업\gdiplusimagea\game1.cpp(204): warning C4715: 'Game1::GameingCheck': 모든 제어 경로에서 값을 반환하지는 않습니다.
f:\3학년\1학기_카페에 백업 안되는 것들\네트워크\기말고사_백업\gdiplusimagea\main.cpp(449): warning C4715: 'CreateSocket': 모든 제어 경로에서 값을 반환하지는 않습니다.
CirQueue.obj : warning LNK4075: '/EDITANDCONTINUE'이(가) '/SAFESEH' 사양으로 인해 무시됩니다.
  GdiPlusImage.vcxproj -> F:\3학년\1학기_카페에 백업 안되는 것들\네트워크\기말고사_백업\GdiPlusImageA\Debug\GdiPlusImage.exe
