  main.cpp
c:\users\hp\desktop\네트워크_중간고사백업\gdiplusimageb\mydraw.h(169): warning C4996: 'itoa': The POSIX name for this item is deprecated. Instead, use the ISO C and C++ conformant name: _itoa. See online help for details.
  c:\program files (x86)\windows kits\10\include\10.0.10240.0\ucrt\stdlib.h(1316): note: see declaration of 'itoa'
c:\users\hp\desktop\네트워크_중간고사백업\gdiplusimageb\mydraw.h(355): warning C4244: 'argument': conversion from 'time_t' to 'unsigned int', possible loss of data
c:\users\hp\desktop\네트워크_중간고사백업\gdiplusimageb\main.cpp(213): warning C4996: 'strcpy': This function or variable may be unsafe. Consider using strcpy_s instead. To disable deprecation, use _CRT_SECURE_NO_WARNINGS. See online help for details.
  c:\program files (x86)\windows kits\10\include\10.0.10240.0\ucrt\string.h(119): note: see declaration of 'strcpy'
c:\users\hp\desktop\네트워크_중간고사백업\gdiplusimageb\main.cpp(214): warning C4996: 'strcpy': This function or variable may be unsafe. Consider using strcpy_s instead. To disable deprecation, use _CRT_SECURE_NO_WARNINGS. See online help for details.
  c:\program files (x86)\windows kits\10\include\10.0.10240.0\ucrt\string.h(119): note: see declaration of 'strcpy'
c:\users\hp\desktop\네트워크_중간고사백업\gdiplusimageb\main.cpp(228): warning C4996: 'sprintf': This function or variable may be unsafe. Consider using sprintf_s instead. To disable deprecation, use _CRT_SECURE_NO_WARNINGS. See online help for details.
  c:\program files (x86)\windows kits\10\include\10.0.10240.0\ucrt\stdio.h(1769): note: see declaration of 'sprintf'
c:\users\hp\desktop\네트워크_중간고사백업\gdiplusimageb\main.cpp(379): warning C4996: 'inet_addr': Use inet_pton() or InetPton() instead or define _WINSOCK_DEPRECATED_NO_WARNINGS to disable deprecated API warnings
  c:\program files (x86)\windows kits\8.1\include\um\winsock2.h(1850): note: see declaration of 'inet_addr'
c:\users\hp\desktop\네트워크_중간고사백업\gdiplusimageb\main.cpp(389): warning C4996: 'WSAAsyncSelect': Use WSAEventSelect() instead or define _WINSOCK_DEPRECATED_NO_WARNINGS to disable deprecated API warnings
  c:\program files (x86)\windows kits\8.1\include\um\winsock2.h(2699): note: see declaration of 'WSAAsyncSelect'
c:\users\hp\desktop\네트워크_중간고사백업\gdiplusimageb\main.cpp(400): warning C4996: 'inet_addr': Use inet_pton() or InetPton() instead or define _WINSOCK_DEPRECATED_NO_WARNINGS to disable deprecated API warnings
  c:\program files (x86)\windows kits\8.1\include\um\winsock2.h(1850): note: see declaration of 'inet_addr'
c:\users\hp\desktop\네트워크_중간고사백업\gdiplusimageb\main.cpp(617): warning C4996: 'strcpy': This function or variable may be unsafe. Consider using strcpy_s instead. To disable deprecation, use _CRT_SECURE_NO_WARNINGS. See online help for details.
  c:\program files (x86)\windows kits\10\include\10.0.10240.0\ucrt\string.h(119): note: see declaration of 'strcpy'
c:\users\hp\desktop\네트워크_중간고사백업\gdiplusimageb\main.cpp(620): warning C4996: 'itoa': The POSIX name for this item is deprecated. Instead, use the ISO C and C++ conformant name: _itoa. See online help for details.
  c:\program files (x86)\windows kits\10\include\10.0.10240.0\ucrt\stdlib.h(1316): note: see declaration of 'itoa'
c:\users\hp\desktop\네트워크_중간고사백업\gdiplusimageb\main.cpp(621): warning C4996: 'itoa': The POSIX name for this item is deprecated. Instead, use the ISO C and C++ conformant name: _itoa. See online help for details.
  c:\program files (x86)\windows kits\10\include\10.0.10240.0\ucrt\stdlib.h(1316): note: see declaration of 'itoa'
c:\users\hp\desktop\네트워크_중간고사백업\gdiplusimageb\main.cpp(627): warning C4996: 'strcpy': This function or variable may be unsafe. Consider using strcpy_s instead. To disable deprecation, use _CRT_SECURE_NO_WARNINGS. See online help for details.
  c:\program files (x86)\windows kits\10\include\10.0.10240.0\ucrt\string.h(119): note: see declaration of 'strcpy'
c:\users\hp\desktop\네트워크_중간고사백업\gdiplusimageb\main.cpp(734): warning C4996: 'strcpy': This function or variable may be unsafe. Consider using strcpy_s instead. To disable deprecation, use _CRT_SECURE_NO_WARNINGS. See online help for details.
  c:\program files (x86)\windows kits\10\include\10.0.10240.0\ucrt\string.h(119): note: see declaration of 'strcpy'
  Game3_Item.cpp
  Generating Code...
c:\users\hp\desktop\네트워크_중간고사백업\gdiplusimageb\main.cpp(415): warning C4715: 'CreateSocket': not all control paths return a value
  GdiPlusImage.vcxproj -> C:\Users\hp\Desktop\네트워크_중간고사백업\GdiPlusImageB\Debug\GdiPlusImage.exe
  GdiPlusImage.vcxproj -> C:\Users\hp\Desktop\네트워크_중간고사백업\GdiPlusImageB\Debug\GdiPlusImage.pdb (Full PDB)
